<?xml version="1.0" encoding="UTF-8"?>
<testsuite xmlns:xsi="http://www.w3.org/2001/XMLSchema-instance" xsi:noNamespaceSchemaLocation="https://maven.apache.org/surefire/maven-surefire-plugin/xsd/surefire-test-report-3.0.xsd" version="3.0" name="com.example.graphqlconnector.GraphQLSourceConnectorConfigTest" time="0.0" tests="4" errors="4" skipped="0" failures="0">
  <properties>
    <property name="java.specification.version" value="24"/>
    <property name="sun.jnu.encoding" value="UTF-8"/>
    <property name="java.class.path" value="/Users/Git/Kafka-graphql-connector/target/test-classes:/Users/Git/Kafka-graphql-connector/target/classes:/Users/leonardosantana/.m2/repository/org/apache/kafka/connect-api/3.7.0/connect-api-3.7.0.jar:/Users/leonardosantana/.m2/repository/org/apache/kafka/kafka-clients/3.7.0/kafka-clients-3.7.0.jar:/Users/leonardosantana/.m2/repository/com/github/luben/zstd-jni/1.5.5-6/zstd-jni-1.5.5-6.jar:/Users/leonardosantana/.m2/repository/org/lz4/lz4-java/1.8.0/lz4-java-1.8.0.jar:/Users/leonardosantana/.m2/repository/org/xerial/snappy/snappy-java/1.1.10.5/snappy-java-1.1.10.5.jar:/Users/leonardosantana/.m2/repository/javax/ws/rs/javax.ws.rs-api/2.1.1/javax.ws.rs-api-2.1.1.jar:/Users/leonardosantana/.m2/repository/com/squareup/okhttp3/okhttp/4.12.0/okhttp-4.12.0.jar:/Users/leonardosantana/.m2/repository/com/squareup/okio/okio/3.6.0/okio-3.6.0.jar:/Users/leonardosantana/.m2/repository/com/squareup/okio/okio-jvm/3.6.0/okio-jvm-3.6.0.jar:/Users/leonardosantana/.m2/repository/org/jetbrains/kotlin/kotlin-stdlib-common/1.9.10/kotlin-stdlib-common-1.9.10.jar:/Users/leonardosantana/.m2/repository/org/jetbrains/kotlin/kotlin-stdlib-jdk8/1.8.21/kotlin-stdlib-jdk8-1.8.21.jar:/Users/leonardosantana/.m2/repository/org/jetbrains/kotlin/kotlin-stdlib/1.8.21/kotlin-stdlib-1.8.21.jar:/Users/leonardosantana/.m2/repository/org/jetbrains/annotations/13.0/annotations-13.0.jar:/Users/leonardosantana/.m2/repository/org/jetbrains/kotlin/kotlin-stdlib-jdk7/1.8.21/kotlin-stdlib-jdk7-1.8.21.jar:/Users/leonardosantana/.m2/repository/com/fasterxml/jackson/core/jackson-databind/2.17.1/jackson-databind-2.17.1.jar:/Users/leonardosantana/.m2/repository/com/fasterxml/jackson/core/jackson-annotations/2.17.1/jackson-annotations-2.17.1.jar:/Users/leonardosantana/.m2/repository/com/fasterxml/jackson/core/jackson-core/2.17.1/jackson-core-2.17.1.jar:/Users/leonardosantana/.m2/repository/org/slf4j/slf4j-api/2.0.7/slf4j-api-2.0.7.jar:/Users/leonardosantana/.m2/repository/org/slf4j/slf4j-simple/2.0.7/slf4j-simple-2.0.7.jar:/Users/leonardosantana/.m2/repository/com/jayway/jsonpath/json-path/2.8.0/json-path-2.8.0.jar:/Users/leonardosantana/.m2/repository/net/minidev/json-smart/2.4.10/json-smart-2.4.10.jar:/Users/leonardosantana/.m2/repository/net/minidev/accessors-smart/2.4.9/accessors-smart-2.4.9.jar:/Users/leonardosantana/.m2/repository/org/ow2/asm/asm/9.3/asm-9.3.jar:/Users/leonardosantana/.m2/repository/junit/junit/4.13.2/junit-4.13.2.jar:/Users/leonardosantana/.m2/repository/org/hamcrest/hamcrest-core/1.3/hamcrest-core-1.3.jar:/Users/leonardosantana/.m2/repository/org/mockito/mockito-core/5.3.1/mockito-core-5.3.1.jar:/Users/leonardosantana/.m2/repository/net/bytebuddy/byte-buddy/1.14.4/byte-buddy-1.14.4.jar:/Users/leonardosantana/.m2/repository/net/bytebuddy/byte-buddy-agent/1.14.4/byte-buddy-agent-1.14.4.jar:/Users/leonardosantana/.m2/repository/org/objenesis/objenesis/3.3/objenesis-3.3.jar:"/>
    <property name="java.vm.vendor" value="Homebrew"/>
    <property name="sun.arch.data.model" value="64"/>
    <property name="java.vendor.url" value="https://github.com/Homebrew/homebrew-core/issues"/>
    <property name="user.timezone" value="America/Toronto"/>
    <property name="os.name" value="Mac OS X"/>
    <property name="java.vm.specification.version" value="24"/>
    <property name="sun.java.launcher" value="SUN_STANDARD"/>
    <property name="user.country" value="CA"/>
    <property name="sun.boot.library.path" value="/opt/homebrew/Cellar/openjdk/24.0.1/libexec/openjdk.jdk/Contents/Home/lib"/>
    <property name="sun.java.command" value="/Users/Git/Kafka-graphql-connector/target/surefire/surefirebooter-20250721140850344_3.jar /Users/Git/Kafka-graphql-connector/target/surefire 2025-07-21T14-08-50_304-jvmRun1 surefire-20250721140850344_1tmp surefire_0-20250721140850344_2tmp"/>
    <property name="http.nonProxyHosts" value="local|*.local|169.254/16|*.169.254/16"/>
    <property name="jdk.debug" value="release"/>
    <property name="surefire.test.class.path" value="/Users/Git/Kafka-graphql-connector/target/test-classes:/Users/Git/Kafka-graphql-connector/target/classes:/Users/leonardosantana/.m2/repository/org/apache/kafka/connect-api/3.7.0/connect-api-3.7.0.jar:/Users/leonardosantana/.m2/repository/org/apache/kafka/kafka-clients/3.7.0/kafka-clients-3.7.0.jar:/Users/leonardosantana/.m2/repository/com/github/luben/zstd-jni/1.5.5-6/zstd-jni-1.5.5-6.jar:/Users/leonardosantana/.m2/repository/org/lz4/lz4-java/1.8.0/lz4-java-1.8.0.jar:/Users/leonardosantana/.m2/repository/org/xerial/snappy/snappy-java/1.1.10.5/snappy-java-1.1.10.5.jar:/Users/leonardosantana/.m2/repository/javax/ws/rs/javax.ws.rs-api/2.1.1/javax.ws.rs-api-2.1.1.jar:/Users/leonardosantana/.m2/repository/com/squareup/okhttp3/okhttp/4.12.0/okhttp-4.12.0.jar:/Users/leonardosantana/.m2/repository/com/squareup/okio/okio/3.6.0/okio-3.6.0.jar:/Users/leonardosantana/.m2/repository/com/squareup/okio/okio-jvm/3.6.0/okio-jvm-3.6.0.jar:/Users/leonardosantana/.m2/repository/org/jetbrains/kotlin/kotlin-stdlib-common/1.9.10/kotlin-stdlib-common-1.9.10.jar:/Users/leonardosantana/.m2/repository/org/jetbrains/kotlin/kotlin-stdlib-jdk8/1.8.21/kotlin-stdlib-jdk8-1.8.21.jar:/Users/leonardosantana/.m2/repository/org/jetbrains/kotlin/kotlin-stdlib/1.8.21/kotlin-stdlib-1.8.21.jar:/Users/leonardosantana/.m2/repository/org/jetbrains/annotations/13.0/annotations-13.0.jar:/Users/leonardosantana/.m2/repository/org/jetbrains/kotlin/kotlin-stdlib-jdk7/1.8.21/kotlin-stdlib-jdk7-1.8.21.jar:/Users/leonardosantana/.m2/repository/com/fasterxml/jackson/core/jackson-databind/2.17.1/jackson-databind-2.17.1.jar:/Users/leonardosantana/.m2/repository/com/fasterxml/jackson/core/jackson-annotations/2.17.1/jackson-annotations-2.17.1.jar:/Users/leonardosantana/.m2/repository/com/fasterxml/jackson/core/jackson-core/2.17.1/jackson-core-2.17.1.jar:/Users/leonardosantana/.m2/repository/org/slf4j/slf4j-api/2.0.7/slf4j-api-2.0.7.jar:/Users/leonardosantana/.m2/repository/org/slf4j/slf4j-simple/2.0.7/slf4j-simple-2.0.7.jar:/Users/leonardosantana/.m2/repository/com/jayway/jsonpath/json-path/2.8.0/json-path-2.8.0.jar:/Users/leonardosantana/.m2/repository/net/minidev/json-smart/2.4.10/json-smart-2.4.10.jar:/Users/leonardosantana/.m2/repository/net/minidev/accessors-smart/2.4.9/accessors-smart-2.4.9.jar:/Users/leonardosantana/.m2/repository/org/ow2/asm/asm/9.3/asm-9.3.jar:/Users/leonardosantana/.m2/repository/junit/junit/4.13.2/junit-4.13.2.jar:/Users/leonardosantana/.m2/repository/org/hamcrest/hamcrest-core/1.3/hamcrest-core-1.3.jar:/Users/leonardosantana/.m2/repository/org/mockito/mockito-core/5.3.1/mockito-core-5.3.1.jar:/Users/leonardosantana/.m2/repository/net/bytebuddy/byte-buddy/1.14.4/byte-buddy-1.14.4.jar:/Users/leonardosantana/.m2/repository/net/bytebuddy/byte-buddy-agent/1.14.4/byte-buddy-agent-1.14.4.jar:/Users/leonardosantana/.m2/repository/org/objenesis/objenesis/3.3/objenesis-3.3.jar:"/>
    <property name="sun.cpu.endian" value="little"/>
    <property name="user.home" value="/Users/leonardosantana"/>
    <property name="user.language" value="en"/>
    <property name="java.specification.vendor" value="Oracle Corporation"/>
    <property name="java.version.date" value="2025-04-15"/>
    <property name="java.home" value="/opt/homebrew/Cellar/openjdk/24.0.1/libexec/openjdk.jdk/Contents/Home"/>
    <property name="file.separator" value="/"/>
    <property name="basedir" value="/Users/Git/Kafka-graphql-connector"/>
    <property name="java.vm.compressedOopsMode" value="Zero based"/>
    <property name="line.separator" value="&#10;"/>
    <property name="java.vm.specification.vendor" value="Oracle Corporation"/>
    <property name="java.specification.name" value="Java Platform API Specification"/>
    <property name="apple.awt.application.name" value="ForkedBooter"/>
    <property name="surefire.real.class.path" value="/Users/Git/Kafka-graphql-connector/target/surefire/surefirebooter-20250721140850344_3.jar"/>
    <property name="sun.management.compiler" value="HotSpot 64-Bit Tiered Compilers"/>
    <property name="ftp.nonProxyHosts" value="local|*.local|169.254/16|*.169.254/16"/>
    <property name="java.runtime.version" value="24.0.1"/>
    <property name="user.name" value="leonardosantana"/>
    <property name="stdout.encoding" value="UTF-8"/>
    <property name="path.separator" value=":"/>
    <property name="os.version" value="15.5"/>
    <property name="java.runtime.name" value="OpenJDK Runtime Environment"/>
    <property name="file.encoding" value="UTF-8"/>
    <property name="java.vm.name" value="OpenJDK 64-Bit Server VM"/>
    <property name="java.vendor.version" value="Homebrew"/>
    <property name="localRepository" value="/Users/leonardosantana/.m2/repository"/>
    <property name="java.vendor.url.bug" value="https://github.com/Homebrew/homebrew-core/issues"/>
    <property name="java.io.tmpdir" value="/var/folders/p0/3cwbfkyn6kx2wr20cb1lkhh00000gn/T/"/>
    <property name="java.version" value="24.0.1"/>
    <property name="user.dir" value="/Users/Git/Kafka-graphql-connector"/>
    <property name="os.arch" value="aarch64"/>
    <property name="java.vm.specification.name" value="Java Virtual Machine Specification"/>
    <property name="native.encoding" value="UTF-8"/>
    <property name="java.library.path" value="/Users/leonardosantana/Library/Java/Extensions:/Library/Java/Extensions:/Network/Library/Java/Extensions:/System/Library/Java/Extensions:/usr/lib/java:."/>
    <property name="java.vm.info" value="mixed mode, sharing"/>
    <property name="stderr.encoding" value="UTF-8"/>
    <property name="java.vendor" value="Homebrew"/>
    <property name="java.vm.version" value="24.0.1"/>
    <property name="sun.io.unicode.encoding" value="UnicodeBig"/>
    <property name="socksNonProxyHosts" value="local|*.local|169.254/16|*.169.254/16"/>
    <property name="java.class.version" value="68.0"/>
  </properties>
  <testcase name="testValidConfiguration" classname="com.example.graphqlconnector.GraphQLSourceConnectorConfigTest" time="0.0">
    <error message="Unresolved compilation problems: &#10;	The import org.apache.kafka.common.config.AbstractConfig cannot be resolved&#10;	The import org.apache.kafka.common.config.ConfigDef cannot be resolved&#10;	The import org.apache.kafka.common.config.ConfigDef cannot be resolved&#10;	The import org.apache.kafka.common.config.ConfigDef cannot be resolved&#10;	AbstractConfig cannot be resolved to a type&#10;	ConfigDef cannot be resolved to a type&#10;	ConfigDef cannot be resolved to a type&#10;	Type cannot be resolved to a variable&#10;	Importance cannot be resolved to a variable&#10;	Type cannot be resolved to a variable&#10;	Importance cannot be resolved to a variable&#10;	Type cannot be resolved to a variable&#10;	Importance cannot be resolved to a variable&#10;	Type cannot be resolved to a variable&#10;	Importance cannot be resolved to a variable&#10;	Type cannot be resolved to a variable&#10;	Importance cannot be resolved to a variable&#10;	Type cannot be resolved to a variable&#10;	Importance cannot be resolved to a variable&#10;	Type cannot be resolved to a variable&#10;	Importance cannot be resolved to a variable&#10;	Type cannot be resolved to a variable&#10;	Importance cannot be resolved to a variable&#10;	Type cannot be resolved to a variable&#10;	Importance cannot be resolved to a variable&#10;	Type cannot be resolved to a variable&#10;	Importance cannot be resolved to a variable&#10;	Type cannot be resolved to a variable&#10;	Importance cannot be resolved to a variable&#10;	Type cannot be resolved to a variable&#10;	Importance cannot be resolved to a variable&#10;	Type cannot be resolved to a variable&#10;	Importance cannot be resolved to a variable&#10;	Type cannot be resolved to a variable&#10;	Importance cannot be resolved to a variable&#10;	ConfigDef cannot be resolved to a type&#10;	The method getString(String) is undefined for the type GraphQLSourceConnectorConfig&#10;	The method getString(String) is undefined for the type GraphQLSourceConnectorConfig&#10;	The method getString(String) is undefined for the type GraphQLSourceConnectorConfig&#10;	The method getPassword(String) is undefined for the type GraphQLSourceConnectorConfig&#10;	The method getString(String) is undefined for the type GraphQLSourceConnectorConfig&#10;	The method getString(String) is undefined for the type GraphQLSourceConnectorConfig&#10;	The method getString(String) is undefined for the type GraphQLSourceConnectorConfig&#10;	The method getString(String) is undefined for the type GraphQLSourceConnectorConfig&#10;	The method getInt(String) is undefined for the type GraphQLSourceConnectorConfig&#10;	The method getLong(String) is undefined for the type GraphQLSourceConnectorConfig&#10;	The method getString(String) is undefined for the type GraphQLSourceConnectorConfig&#10;	The method getLong(String) is undefined for the type GraphQLSourceConnectorConfig&#10;	The method getInt(String) is undefined for the type GraphQLSourceConnectorConfig&#10;	The method getLong(String) is undefined for the type GraphQLSourceConnectorConfig&#10;" type="java.lang.Error"><![CDATA[java.lang.Error: 
Unresolved compilation problems: 
	The import org.apache.kafka.common.config.AbstractConfig cannot be resolved
	The import org.apache.kafka.common.config.ConfigDef cannot be resolved
	The import org.apache.kafka.common.config.ConfigDef cannot be resolved
	The import org.apache.kafka.common.config.ConfigDef cannot be resolved
	AbstractConfig cannot be resolved to a type
	ConfigDef cannot be resolved to a type
	ConfigDef cannot be resolved to a type
	Type cannot be resolved to a variable
	Importance cannot be resolved to a variable
	Type cannot be resolved to a variable
	Importance cannot be resolved to a variable
	Type cannot be resolved to a variable
	Importance cannot be resolved to a variable
	Type cannot be resolved to a variable
	Importance cannot be resolved to a variable
	Type cannot be resolved to a variable
	Importance cannot be resolved to a variable
	Type cannot be resolved to a variable
	Importance cannot be resolved to a variable
	Type cannot be resolved to a variable
	Importance cannot be resolved to a variable
	Type cannot be resolved to a variable
	Importance cannot be resolved to a variable
	Type cannot be resolved to a variable
	Importance cannot be resolved to a variable
	Type cannot be resolved to a variable
	Importance cannot be resolved to a variable
	Type cannot be resolved to a variable
	Importance cannot be resolved to a variable
	Type cannot be resolved to a variable
	Importance cannot be resolved to a variable
	Type cannot be resolved to a variable
	Importance cannot be resolved to a variable
	Type cannot be resolved to a variable
	Importance cannot be resolved to a variable
	ConfigDef cannot be resolved to a type
	The method getString(String) is undefined for the type GraphQLSourceConnectorConfig
	The method getString(String) is undefined for the type GraphQLSourceConnectorConfig
	The method getString(String) is undefined for the type GraphQLSourceConnectorConfig
	The method getPassword(String) is undefined for the type GraphQLSourceConnectorConfig
	The method getString(String) is undefined for the type GraphQLSourceConnectorConfig
	The method getString(String) is undefined for the type GraphQLSourceConnectorConfig
	The method getString(String) is undefined for the type GraphQLSourceConnectorConfig
	The method getString(String) is undefined for the type GraphQLSourceConnectorConfig
	The method getInt(String) is undefined for the type GraphQLSourceConnectorConfig
	The method getLong(String) is undefined for the type GraphQLSourceConnectorConfig
	The method getString(String) is undefined for the type GraphQLSourceConnectorConfig
	The method getLong(String) is undefined for the type GraphQLSourceConnectorConfig
	The method getInt(String) is undefined for the type GraphQLSourceConnectorConfig
	The method getLong(String) is undefined for the type GraphQLSourceConnectorConfig

	at com.example.graphqlconnector.GraphQLSourceConnectorConfig.<init>(GraphQLSourceConnectorConfig.java:7)
	at com.example.graphqlconnector.GraphQLSourceConnectorConfigTest.testValidConfiguration(GraphQLSourceConnectorConfigTest.java:13)
	at java.base/jdk.internal.reflect.DirectMethodHandleAccessor.invoke(DirectMethodHandleAccessor.java:104)
	at java.base/java.lang.reflect.Method.invoke(Method.java:565)
	at org.junit.runners.model.FrameworkMethod$1.runReflectiveCall(FrameworkMethod.java:59)
	at org.junit.internal.runners.model.ReflectiveCallable.run(ReflectiveCallable.java:12)
	at org.junit.runners.model.FrameworkMethod.invokeExplosively(FrameworkMethod.java:56)
	at org.junit.internal.runners.statements.InvokeMethod.evaluate(InvokeMethod.java:17)
	at org.junit.runners.ParentRunner$3.evaluate(ParentRunner.java:306)
	at org.junit.runners.BlockJUnit4ClassRunner$1.evaluate(BlockJUnit4ClassRunner.java:100)
	at org.junit.runners.ParentRunner.runLeaf(ParentRunner.java:366)
	at org.junit.runners.BlockJUnit4ClassRunner.runChild(BlockJUnit4ClassRunner.java:103)
	at org.junit.runners.BlockJUnit4ClassRunner.runChild(BlockJUnit4ClassRunner.java:63)
	at org.junit.runners.ParentRunner$4.run(ParentRunner.java:331)
	at org.junit.runners.ParentRunner$1.schedule(ParentRunner.java:79)
	at org.junit.runners.ParentRunner.runChildren(ParentRunner.java:329)
	at org.junit.runners.ParentRunner.access$100(ParentRunner.java:66)
	at org.junit.runners.ParentRunner$2.evaluate(ParentRunner.java:293)
	at org.junit.runners.ParentRunner$3.evaluate(ParentRunner.java:306)
	at org.junit.runners.ParentRunner.run(ParentRunner.java:413)
	at org.apache.maven.surefire.junit4.JUnit4Provider.execute(JUnit4Provider.java:316)
	at org.apache.maven.surefire.junit4.JUnit4Provider.executeWithRerun(JUnit4Provider.java:240)
	at org.apache.maven.surefire.junit4.JUnit4Provider.executeTestSet(JUnit4Provider.java:214)
	at org.apache.maven.surefire.junit4.JUnit4Provider.invoke(JUnit4Provider.java:155)
	at org.apache.maven.surefire.booter.ForkedBooter.runSuitesInProcess(ForkedBooter.java:385)
	at org.apache.maven.surefire.booter.ForkedBooter.execute(ForkedBooter.java:162)
	at org.apache.maven.surefire.booter.ForkedBooter.run(ForkedBooter.java:507)
	at org.apache.maven.surefire.booter.ForkedBooter.main(ForkedBooter.java:495)
]]></error>
  </testcase>
  <testcase name="testDefaultValues" classname="com.example.graphqlconnector.GraphQLSourceConnectorConfigTest" time="0.0">
    <error message="Unresolved compilation problems: &#10;	The import org.apache.kafka.common.config.AbstractConfig cannot be resolved&#10;	The import org.apache.kafka.common.config.ConfigDef cannot be resolved&#10;	The import org.apache.kafka.common.config.ConfigDef cannot be resolved&#10;	The import org.apache.kafka.common.config.ConfigDef cannot be resolved&#10;	AbstractConfig cannot be resolved to a type&#10;	ConfigDef cannot be resolved to a type&#10;	ConfigDef cannot be resolved to a type&#10;	Type cannot be resolved to a variable&#10;	Importance cannot be resolved to a variable&#10;	Type cannot be resolved to a variable&#10;	Importance cannot be resolved to a variable&#10;	Type cannot be resolved to a variable&#10;	Importance cannot be resolved to a variable&#10;	Type cannot be resolved to a variable&#10;	Importance cannot be resolved to a variable&#10;	Type cannot be resolved to a variable&#10;	Importance cannot be resolved to a variable&#10;	Type cannot be resolved to a variable&#10;	Importance cannot be resolved to a variable&#10;	Type cannot be resolved to a variable&#10;	Importance cannot be resolved to a variable&#10;	Type cannot be resolved to a variable&#10;	Importance cannot be resolved to a variable&#10;	Type cannot be resolved to a variable&#10;	Importance cannot be resolved to a variable&#10;	Type cannot be resolved to a variable&#10;	Importance cannot be resolved to a variable&#10;	Type cannot be resolved to a variable&#10;	Importance cannot be resolved to a variable&#10;	Type cannot be resolved to a variable&#10;	Importance cannot be resolved to a variable&#10;	Type cannot be resolved to a variable&#10;	Importance cannot be resolved to a variable&#10;	Type cannot be resolved to a variable&#10;	Importance cannot be resolved to a variable&#10;	ConfigDef cannot be resolved to a type&#10;	The method getString(String) is undefined for the type GraphQLSourceConnectorConfig&#10;	The method getString(String) is undefined for the type GraphQLSourceConnectorConfig&#10;	The method getString(String) is undefined for the type GraphQLSourceConnectorConfig&#10;	The method getPassword(String) is undefined for the type GraphQLSourceConnectorConfig&#10;	The method getString(String) is undefined for the type GraphQLSourceConnectorConfig&#10;	The method getString(String) is undefined for the type GraphQLSourceConnectorConfig&#10;	The method getString(String) is undefined for the type GraphQLSourceConnectorConfig&#10;	The method getString(String) is undefined for the type GraphQLSourceConnectorConfig&#10;	The method getInt(String) is undefined for the type GraphQLSourceConnectorConfig&#10;	The method getLong(String) is undefined for the type GraphQLSourceConnectorConfig&#10;	The method getString(String) is undefined for the type GraphQLSourceConnectorConfig&#10;	The method getLong(String) is undefined for the type GraphQLSourceConnectorConfig&#10;	The method getInt(String) is undefined for the type GraphQLSourceConnectorConfig&#10;	The method getLong(String) is undefined for the type GraphQLSourceConnectorConfig&#10;" type="java.lang.Error"><![CDATA[java.lang.Error: 
Unresolved compilation problems: 
	The import org.apache.kafka.common.config.AbstractConfig cannot be resolved
	The import org.apache.kafka.common.config.ConfigDef cannot be resolved
	The import org.apache.kafka.common.config.ConfigDef cannot be resolved
	The import org.apache.kafka.common.config.ConfigDef cannot be resolved
	AbstractConfig cannot be resolved to a type
	ConfigDef cannot be resolved to a type
	ConfigDef cannot be resolved to a type
	Type cannot be resolved to a variable
	Importance cannot be resolved to a variable
	Type cannot be resolved to a variable
	Importance cannot be resolved to a variable
	Type cannot be resolved to a variable
	Importance cannot be resolved to a variable
	Type cannot be resolved to a variable
	Importance cannot be resolved to a variable
	Type cannot be resolved to a variable
	Importance cannot be resolved to a variable
	Type cannot be resolved to a variable
	Importance cannot be resolved to a variable
	Type cannot be resolved to a variable
	Importance cannot be resolved to a variable
	Type cannot be resolved to a variable
	Importance cannot be resolved to a variable
	Type cannot be resolved to a variable
	Importance cannot be resolved to a variable
	Type cannot be resolved to a variable
	Importance cannot be resolved to a variable
	Type cannot be resolved to a variable
	Importance cannot be resolved to a variable
	Type cannot be resolved to a variable
	Importance cannot be resolved to a variable
	Type cannot be resolved to a variable
	Importance cannot be resolved to a variable
	Type cannot be resolved to a variable
	Importance cannot be resolved to a variable
	ConfigDef cannot be resolved to a type
	The method getString(String) is undefined for the type GraphQLSourceConnectorConfig
	The method getString(String) is undefined for the type GraphQLSourceConnectorConfig
	The method getString(String) is undefined for the type GraphQLSourceConnectorConfig
	The method getPassword(String) is undefined for the type GraphQLSourceConnectorConfig
	The method getString(String) is undefined for the type GraphQLSourceConnectorConfig
	The method getString(String) is undefined for the type GraphQLSourceConnectorConfig
	The method getString(String) is undefined for the type GraphQLSourceConnectorConfig
	The method getString(String) is undefined for the type GraphQLSourceConnectorConfig
	The method getInt(String) is undefined for the type GraphQLSourceConnectorConfig
	The method getLong(String) is undefined for the type GraphQLSourceConnectorConfig
	The method getString(String) is undefined for the type GraphQLSourceConnectorConfig
	The method getLong(String) is undefined for the type GraphQLSourceConnectorConfig
	The method getInt(String) is undefined for the type GraphQLSourceConnectorConfig
	The method getLong(String) is undefined for the type GraphQLSourceConnectorConfig

	at com.example.graphqlconnector.GraphQLSourceConnectorConfig.<init>(GraphQLSourceConnectorConfig.java:7)
	at com.example.graphqlconnector.GraphQLSourceConnectorConfigTest.testDefaultValues(GraphQLSourceConnectorConfigTest.java:56)
	at java.base/jdk.internal.reflect.DirectMethodHandleAccessor.invoke(DirectMethodHandleAccessor.java:104)
	at java.base/java.lang.reflect.Method.invoke(Method.java:565)
	at org.junit.runners.model.FrameworkMethod$1.runReflectiveCall(FrameworkMethod.java:59)
	at org.junit.internal.runners.model.ReflectiveCallable.run(ReflectiveCallable.java:12)
	at org.junit.runners.model.FrameworkMethod.invokeExplosively(FrameworkMethod.java:56)
	at org.junit.internal.runners.statements.InvokeMethod.evaluate(InvokeMethod.java:17)
	at org.junit.runners.ParentRunner$3.evaluate(ParentRunner.java:306)
	at org.junit.runners.BlockJUnit4ClassRunner$1.evaluate(BlockJUnit4ClassRunner.java:100)
	at org.junit.runners.ParentRunner.runLeaf(ParentRunner.java:366)
	at org.junit.runners.BlockJUnit4ClassRunner.runChild(BlockJUnit4ClassRunner.java:103)
	at org.junit.runners.BlockJUnit4ClassRunner.runChild(BlockJUnit4ClassRunner.java:63)
	at org.junit.runners.ParentRunner$4.run(ParentRunner.java:331)
	at org.junit.runners.ParentRunner$1.schedule(ParentRunner.java:79)
	at org.junit.runners.ParentRunner.runChildren(ParentRunner.java:329)
	at org.junit.runners.ParentRunner.access$100(ParentRunner.java:66)
	at org.junit.runners.ParentRunner$2.evaluate(ParentRunner.java:293)
	at org.junit.runners.ParentRunner$3.evaluate(ParentRunner.java:306)
	at org.junit.runners.ParentRunner.run(ParentRunner.java:413)
	at org.apache.maven.surefire.junit4.JUnit4Provider.execute(JUnit4Provider.java:316)
	at org.apache.maven.surefire.junit4.JUnit4Provider.executeWithRerun(JUnit4Provider.java:240)
	at org.apache.maven.surefire.junit4.JUnit4Provider.executeTestSet(JUnit4Provider.java:214)
	at org.apache.maven.surefire.junit4.JUnit4Provider.invoke(JUnit4Provider.java:155)
	at org.apache.maven.surefire.booter.ForkedBooter.runSuitesInProcess(ForkedBooter.java:385)
	at org.apache.maven.surefire.booter.ForkedBooter.execute(ForkedBooter.java:162)
	at org.apache.maven.surefire.booter.ForkedBooter.run(ForkedBooter.java:507)
	at org.apache.maven.surefire.booter.ForkedBooter.main(ForkedBooter.java:495)
]]></error>
  </testcase>
  <testcase name="testHeadersParsing" classname="com.example.graphqlconnector.GraphQLSourceConnectorConfigTest" time="0.0">
    <error message="Unresolved compilation problems: &#10;	The import org.apache.kafka.common.config.AbstractConfig cannot be resolved&#10;	The import org.apache.kafka.common.config.ConfigDef cannot be resolved&#10;	The import org.apache.kafka.common.config.ConfigDef cannot be resolved&#10;	The import org.apache.kafka.common.config.ConfigDef cannot be resolved&#10;	AbstractConfig cannot be resolved to a type&#10;	ConfigDef cannot be resolved to a type&#10;	ConfigDef cannot be resolved to a type&#10;	Type cannot be resolved to a variable&#10;	Importance cannot be resolved to a variable&#10;	Type cannot be resolved to a variable&#10;	Importance cannot be resolved to a variable&#10;	Type cannot be resolved to a variable&#10;	Importance cannot be resolved to a variable&#10;	Type cannot be resolved to a variable&#10;	Importance cannot be resolved to a variable&#10;	Type cannot be resolved to a variable&#10;	Importance cannot be resolved to a variable&#10;	Type cannot be resolved to a variable&#10;	Importance cannot be resolved to a variable&#10;	Type cannot be resolved to a variable&#10;	Importance cannot be resolved to a variable&#10;	Type cannot be resolved to a variable&#10;	Importance cannot be resolved to a variable&#10;	Type cannot be resolved to a variable&#10;	Importance cannot be resolved to a variable&#10;	Type cannot be resolved to a variable&#10;	Importance cannot be resolved to a variable&#10;	Type cannot be resolved to a variable&#10;	Importance cannot be resolved to a variable&#10;	Type cannot be resolved to a variable&#10;	Importance cannot be resolved to a variable&#10;	Type cannot be resolved to a variable&#10;	Importance cannot be resolved to a variable&#10;	Type cannot be resolved to a variable&#10;	Importance cannot be resolved to a variable&#10;	ConfigDef cannot be resolved to a type&#10;	The method getString(String) is undefined for the type GraphQLSourceConnectorConfig&#10;	The method getString(String) is undefined for the type GraphQLSourceConnectorConfig&#10;	The method getString(String) is undefined for the type GraphQLSourceConnectorConfig&#10;	The method getPassword(String) is undefined for the type GraphQLSourceConnectorConfig&#10;	The method getString(String) is undefined for the type GraphQLSourceConnectorConfig&#10;	The method getString(String) is undefined for the type GraphQLSourceConnectorConfig&#10;	The method getString(String) is undefined for the type GraphQLSourceConnectorConfig&#10;	The method getString(String) is undefined for the type GraphQLSourceConnectorConfig&#10;	The method getInt(String) is undefined for the type GraphQLSourceConnectorConfig&#10;	The method getLong(String) is undefined for the type GraphQLSourceConnectorConfig&#10;	The method getString(String) is undefined for the type GraphQLSourceConnectorConfig&#10;	The method getLong(String) is undefined for the type GraphQLSourceConnectorConfig&#10;	The method getInt(String) is undefined for the type GraphQLSourceConnectorConfig&#10;	The method getLong(String) is undefined for the type GraphQLSourceConnectorConfig&#10;" type="java.lang.Error"><![CDATA[java.lang.Error: 
Unresolved compilation problems: 
	The import org.apache.kafka.common.config.AbstractConfig cannot be resolved
	The import org.apache.kafka.common.config.ConfigDef cannot be resolved
	The import org.apache.kafka.common.config.ConfigDef cannot be resolved
	The import org.apache.kafka.common.config.ConfigDef cannot be resolved
	AbstractConfig cannot be resolved to a type
	ConfigDef cannot be resolved to a type
	ConfigDef cannot be resolved to a type
	Type cannot be resolved to a variable
	Importance cannot be resolved to a variable
	Type cannot be resolved to a variable
	Importance cannot be resolved to a variable
	Type cannot be resolved to a variable
	Importance cannot be resolved to a variable
	Type cannot be resolved to a variable
	Importance cannot be resolved to a variable
	Type cannot be resolved to a variable
	Importance cannot be resolved to a variable
	Type cannot be resolved to a variable
	Importance cannot be resolved to a variable
	Type cannot be resolved to a variable
	Importance cannot be resolved to a variable
	Type cannot be resolved to a variable
	Importance cannot be resolved to a variable
	Type cannot be resolved to a variable
	Importance cannot be resolved to a variable
	Type cannot be resolved to a variable
	Importance cannot be resolved to a variable
	Type cannot be resolved to a variable
	Importance cannot be resolved to a variable
	Type cannot be resolved to a variable
	Importance cannot be resolved to a variable
	Type cannot be resolved to a variable
	Importance cannot be resolved to a variable
	Type cannot be resolved to a variable
	Importance cannot be resolved to a variable
	ConfigDef cannot be resolved to a type
	The method getString(String) is undefined for the type GraphQLSourceConnectorConfig
	The method getString(String) is undefined for the type GraphQLSourceConnectorConfig
	The method getString(String) is undefined for the type GraphQLSourceConnectorConfig
	The method getPassword(String) is undefined for the type GraphQLSourceConnectorConfig
	The method getString(String) is undefined for the type GraphQLSourceConnectorConfig
	The method getString(String) is undefined for the type GraphQLSourceConnectorConfig
	The method getString(String) is undefined for the type GraphQLSourceConnectorConfig
	The method getString(String) is undefined for the type GraphQLSourceConnectorConfig
	The method getInt(String) is undefined for the type GraphQLSourceConnectorConfig
	The method getLong(String) is undefined for the type GraphQLSourceConnectorConfig
	The method getString(String) is undefined for the type GraphQLSourceConnectorConfig
	The method getLong(String) is undefined for the type GraphQLSourceConnectorConfig
	The method getInt(String) is undefined for the type GraphQLSourceConnectorConfig
	The method getLong(String) is undefined for the type GraphQLSourceConnectorConfig

	at com.example.graphqlconnector.GraphQLSourceConnectorConfig.<init>(GraphQLSourceConnectorConfig.java:7)
	at com.example.graphqlconnector.GraphQLSourceConnectorConfigTest.testHeadersParsing(GraphQLSourceConnectorConfigTest.java:31)
	at java.base/jdk.internal.reflect.DirectMethodHandleAccessor.invoke(DirectMethodHandleAccessor.java:104)
	at java.base/java.lang.reflect.Method.invoke(Method.java:565)
	at org.junit.runners.model.FrameworkMethod$1.runReflectiveCall(FrameworkMethod.java:59)
	at org.junit.internal.runners.model.ReflectiveCallable.run(ReflectiveCallable.java:12)
	at org.junit.runners.model.FrameworkMethod.invokeExplosively(FrameworkMethod.java:56)
	at org.junit.internal.runners.statements.InvokeMethod.evaluate(InvokeMethod.java:17)
	at org.junit.runners.ParentRunner$3.evaluate(ParentRunner.java:306)
	at org.junit.runners.BlockJUnit4ClassRunner$1.evaluate(BlockJUnit4ClassRunner.java:100)
	at org.junit.runners.ParentRunner.runLeaf(ParentRunner.java:366)
	at org.junit.runners.BlockJUnit4ClassRunner.runChild(BlockJUnit4ClassRunner.java:103)
	at org.junit.runners.BlockJUnit4ClassRunner.runChild(BlockJUnit4ClassRunner.java:63)
	at org.junit.runners.ParentRunner$4.run(ParentRunner.java:331)
	at org.junit.runners.ParentRunner$1.schedule(ParentRunner.java:79)
	at org.junit.runners.ParentRunner.runChildren(ParentRunner.java:329)
	at org.junit.runners.ParentRunner.access$100(ParentRunner.java:66)
	at org.junit.runners.ParentRunner$2.evaluate(ParentRunner.java:293)
	at org.junit.runners.ParentRunner$3.evaluate(ParentRunner.java:306)
	at org.junit.runners.ParentRunner.run(ParentRunner.java:413)
	at org.apache.maven.surefire.junit4.JUnit4Provider.execute(JUnit4Provider.java:316)
	at org.apache.maven.surefire.junit4.JUnit4Provider.executeWithRerun(JUnit4Provider.java:240)
	at org.apache.maven.surefire.junit4.JUnit4Provider.executeTestSet(JUnit4Provider.java:214)
	at org.apache.maven.surefire.junit4.JUnit4Provider.invoke(JUnit4Provider.java:155)
	at org.apache.maven.surefire.booter.ForkedBooter.runSuitesInProcess(ForkedBooter.java:385)
	at org.apache.maven.surefire.booter.ForkedBooter.execute(ForkedBooter.java:162)
	at org.apache.maven.surefire.booter.ForkedBooter.run(ForkedBooter.java:507)
	at org.apache.maven.surefire.booter.ForkedBooter.main(ForkedBooter.java:495)
]]></error>
  </testcase>
  <testcase name="testEmptyHeaders" classname="com.example.graphqlconnector.GraphQLSourceConnectorConfigTest" time="0.0">
    <error message="Unresolved compilation problems: &#10;	The import org.apache.kafka.common.config.AbstractConfig cannot be resolved&#10;	The import org.apache.kafka.common.config.ConfigDef cannot be resolved&#10;	The import org.apache.kafka.common.config.ConfigDef cannot be resolved&#10;	The import org.apache.kafka.common.config.ConfigDef cannot be resolved&#10;	AbstractConfig cannot be resolved to a type&#10;	ConfigDef cannot be resolved to a type&#10;	ConfigDef cannot be resolved to a type&#10;	Type cannot be resolved to a variable&#10;	Importance cannot be resolved to a variable&#10;	Type cannot be resolved to a variable&#10;	Importance cannot be resolved to a variable&#10;	Type cannot be resolved to a variable&#10;	Importance cannot be resolved to a variable&#10;	Type cannot be resolved to a variable&#10;	Importance cannot be resolved to a variable&#10;	Type cannot be resolved to a variable&#10;	Importance cannot be resolved to a variable&#10;	Type cannot be resolved to a variable&#10;	Importance cannot be resolved to a variable&#10;	Type cannot be resolved to a variable&#10;	Importance cannot be resolved to a variable&#10;	Type cannot be resolved to a variable&#10;	Importance cannot be resolved to a variable&#10;	Type cannot be resolved to a variable&#10;	Importance cannot be resolved to a variable&#10;	Type cannot be resolved to a variable&#10;	Importance cannot be resolved to a variable&#10;	Type cannot be resolved to a variable&#10;	Importance cannot be resolved to a variable&#10;	Type cannot be resolved to a variable&#10;	Importance cannot be resolved to a variable&#10;	Type cannot be resolved to a variable&#10;	Importance cannot be resolved to a variable&#10;	Type cannot be resolved to a variable&#10;	Importance cannot be resolved to a variable&#10;	ConfigDef cannot be resolved to a type&#10;	The method getString(String) is undefined for the type GraphQLSourceConnectorConfig&#10;	The method getString(String) is undefined for the type GraphQLSourceConnectorConfig&#10;	The method getString(String) is undefined for the type GraphQLSourceConnectorConfig&#10;	The method getPassword(String) is undefined for the type GraphQLSourceConnectorConfig&#10;	The method getString(String) is undefined for the type GraphQLSourceConnectorConfig&#10;	The method getString(String) is undefined for the type GraphQLSourceConnectorConfig&#10;	The method getString(String) is undefined for the type GraphQLSourceConnectorConfig&#10;	The method getString(String) is undefined for the type GraphQLSourceConnectorConfig&#10;	The method getInt(String) is undefined for the type GraphQLSourceConnectorConfig&#10;	The method getLong(String) is undefined for the type GraphQLSourceConnectorConfig&#10;	The method getString(String) is undefined for the type GraphQLSourceConnectorConfig&#10;	The method getLong(String) is undefined for the type GraphQLSourceConnectorConfig&#10;	The method getInt(String) is undefined for the type GraphQLSourceConnectorConfig&#10;	The method getLong(String) is undefined for the type GraphQLSourceConnectorConfig&#10;" type="java.lang.Error"><![CDATA[java.lang.Error: 
Unresolved compilation problems: 
	The import org.apache.kafka.common.config.AbstractConfig cannot be resolved
	The import org.apache.kafka.common.config.ConfigDef cannot be resolved
	The import org.apache.kafka.common.config.ConfigDef cannot be resolved
	The import org.apache.kafka.common.config.ConfigDef cannot be resolved
	AbstractConfig cannot be resolved to a type
	ConfigDef cannot be resolved to a type
	ConfigDef cannot be resolved to a type
	Type cannot be resolved to a variable
	Importance cannot be resolved to a variable
	Type cannot be resolved to a variable
	Importance cannot be resolved to a variable
	Type cannot be resolved to a variable
	Importance cannot be resolved to a variable
	Type cannot be resolved to a variable
	Importance cannot be resolved to a variable
	Type cannot be resolved to a variable
	Importance cannot be resolved to a variable
	Type cannot be resolved to a variable
	Importance cannot be resolved to a variable
	Type cannot be resolved to a variable
	Importance cannot be resolved to a variable
	Type cannot be resolved to a variable
	Importance cannot be resolved to a variable
	Type cannot be resolved to a variable
	Importance cannot be resolved to a variable
	Type cannot be resolved to a variable
	Importance cannot be resolved to a variable
	Type cannot be resolved to a variable
	Importance cannot be resolved to a variable
	Type cannot be resolved to a variable
	Importance cannot be resolved to a variable
	Type cannot be resolved to a variable
	Importance cannot be resolved to a variable
	Type cannot be resolved to a variable
	Importance cannot be resolved to a variable
	ConfigDef cannot be resolved to a type
	The method getString(String) is undefined for the type GraphQLSourceConnectorConfig
	The method getString(String) is undefined for the type GraphQLSourceConnectorConfig
	The method getString(String) is undefined for the type GraphQLSourceConnectorConfig
	The method getPassword(String) is undefined for the type GraphQLSourceConnectorConfig
	The method getString(String) is undefined for the type GraphQLSourceConnectorConfig
	The method getString(String) is undefined for the type GraphQLSourceConnectorConfig
	The method getString(String) is undefined for the type GraphQLSourceConnectorConfig
	The method getString(String) is undefined for the type GraphQLSourceConnectorConfig
	The method getInt(String) is undefined for the type GraphQLSourceConnectorConfig
	The method getLong(String) is undefined for the type GraphQLSourceConnectorConfig
	The method getString(String) is undefined for the type GraphQLSourceConnectorConfig
	The method getLong(String) is undefined for the type GraphQLSourceConnectorConfig
	The method getInt(String) is undefined for the type GraphQLSourceConnectorConfig
	The method getLong(String) is undefined for the type GraphQLSourceConnectorConfig

	at com.example.graphqlconnector.GraphQLSourceConnectorConfig.<init>(GraphQLSourceConnectorConfig.java:7)
	at com.example.graphqlconnector.GraphQLSourceConnectorConfigTest.testEmptyHeaders(GraphQLSourceConnectorConfigTest.java:43)
	at java.base/jdk.internal.reflect.DirectMethodHandleAccessor.invoke(DirectMethodHandleAccessor.java:104)
	at java.base/java.lang.reflect.Method.invoke(Method.java:565)
	at org.junit.runners.model.FrameworkMethod$1.runReflectiveCall(FrameworkMethod.java:59)
	at org.junit.internal.runners.model.ReflectiveCallable.run(ReflectiveCallable.java:12)
	at org.junit.runners.model.FrameworkMethod.invokeExplosively(FrameworkMethod.java:56)
	at org.junit.internal.runners.statements.InvokeMethod.evaluate(InvokeMethod.java:17)
	at org.junit.runners.ParentRunner$3.evaluate(ParentRunner.java:306)
	at org.junit.runners.BlockJUnit4ClassRunner$1.evaluate(BlockJUnit4ClassRunner.java:100)
	at org.junit.runners.ParentRunner.runLeaf(ParentRunner.java:366)
	at org.junit.runners.BlockJUnit4ClassRunner.runChild(BlockJUnit4ClassRunner.java:103)
	at org.junit.runners.BlockJUnit4ClassRunner.runChild(BlockJUnit4ClassRunner.java:63)
	at org.junit.runners.ParentRunner$4.run(ParentRunner.java:331)
	at org.junit.runners.ParentRunner$1.schedule(ParentRunner.java:79)
	at org.junit.runners.ParentRunner.runChildren(ParentRunner.java:329)
	at org.junit.runners.ParentRunner.access$100(ParentRunner.java:66)
	at org.junit.runners.ParentRunner$2.evaluate(ParentRunner.java:293)
	at org.junit.runners.ParentRunner$3.evaluate(ParentRunner.java:306)
	at org.junit.runners.ParentRunner.run(ParentRunner.java:413)
	at org.apache.maven.surefire.junit4.JUnit4Provider.execute(JUnit4Provider.java:316)
	at org.apache.maven.surefire.junit4.JUnit4Provider.executeWithRerun(JUnit4Provider.java:240)
	at org.apache.maven.surefire.junit4.JUnit4Provider.executeTestSet(JUnit4Provider.java:214)
	at org.apache.maven.surefire.junit4.JUnit4Provider.invoke(JUnit4Provider.java:155)
	at org.apache.maven.surefire.booter.ForkedBooter.runSuitesInProcess(ForkedBooter.java:385)
	at org.apache.maven.surefire.booter.ForkedBooter.execute(ForkedBooter.java:162)
	at org.apache.maven.surefire.booter.ForkedBooter.run(ForkedBooter.java:507)
	at org.apache.maven.surefire.booter.ForkedBooter.main(ForkedBooter.java:495)
]]></error>
  </testcase>
</testsuite>