<?xml version="1.0" encoding="UTF-8"?>
<testsuite xmlns:xsi="http://www.w3.org/2001/XMLSchema-instance" xsi:noNamespaceSchemaLocation="https://maven.apache.org/surefire/maven-surefire-plugin/xsd/surefire-test-report-3.0.xsd" version="3.0" name="com.example.graphqlconnector.GraphQLSourceConnectorConfigTest" time="0.001" tests="4" errors="0" skipped="0" failures="0">
  <properties>
    <property name="java.specification.version" value="24"/>
    <property name="sun.jnu.encoding" value="UTF-8"/>
    <property name="java.class.path" value="/Users/Git/Kafka-graphql-connector/target/test-classes:/Users/Git/Kafka-graphql-connector/target/classes:/Users/leonardosantana/.m2/repository/org/apache/kafka/connect-api/3.7.0/connect-api-3.7.0.jar:/Users/leonardosantana/.m2/repository/org/apache/kafka/kafka-clients/3.7.0/kafka-clients-3.7.0.jar:/Users/leonardosantana/.m2/repository/com/github/luben/zstd-jni/1.5.5-6/zstd-jni-1.5.5-6.jar:/Users/leonardosantana/.m2/repository/org/lz4/lz4-java/1.8.0/lz4-java-1.8.0.jar:/Users/leonardosantana/.m2/repository/org/xerial/snappy/snappy-java/1.1.10.5/snappy-java-1.1.10.5.jar:/Users/leonardosantana/.m2/repository/javax/ws/rs/javax.ws.rs-api/2.1.1/javax.ws.rs-api-2.1.1.jar:/Users/leonardosantana/.m2/repository/com/squareup/okhttp3/okhttp/4.12.0/okhttp-4.12.0.jar:/Users/leonardosantana/.m2/repository/com/squareup/okio/okio/3.6.0/okio-3.6.0.jar:/Users/leonardosantana/.m2/repository/com/squareup/okio/okio-jvm/3.6.0/okio-jvm-3.6.0.jar:/Users/leonardosantana/.m2/repository/org/jetbrains/kotlin/kotlin-stdlib-common/1.9.10/kotlin-stdlib-common-1.9.10.jar:/Users/leonardosantana/.m2/repository/org/jetbrains/kotlin/kotlin-stdlib-jdk8/1.8.21/kotlin-stdlib-jdk8-1.8.21.jar:/Users/leonardosantana/.m2/repository/org/jetbrains/kotlin/kotlin-stdlib/1.8.21/kotlin-stdlib-1.8.21.jar:/Users/leonardosantana/.m2/repository/org/jetbrains/annotations/13.0/annotations-13.0.jar:/Users/leonardosantana/.m2/repository/org/jetbrains/kotlin/kotlin-stdlib-jdk7/1.8.21/kotlin-stdlib-jdk7-1.8.21.jar:/Users/leonardosantana/.m2/repository/com/fasterxml/jackson/core/jackson-databind/2.17.1/jackson-databind-2.17.1.jar:/Users/leonardosantana/.m2/repository/com/fasterxml/jackson/core/jackson-annotations/2.17.1/jackson-annotations-2.17.1.jar:/Users/leonardosantana/.m2/repository/com/fasterxml/jackson/core/jackson-core/2.17.1/jackson-core-2.17.1.jar:/Users/leonardosantana/.m2/repository/org/slf4j/slf4j-api/2.0.7/slf4j-api-2.0.7.jar:/Users/leonardosantana/.m2/repository/org/slf4j/slf4j-simple/2.0.7/slf4j-simple-2.0.7.jar:/Users/leonardosantana/.m2/repository/junit/junit/4.13.2/junit-4.13.2.jar:/Users/leonardosantana/.m2/repository/org/hamcrest/hamcrest-core/1.3/hamcrest-core-1.3.jar:/Users/leonardosantana/.m2/repository/org/mockito/mockito-core/5.3.1/mockito-core-5.3.1.jar:/Users/leonardosantana/.m2/repository/net/bytebuddy/byte-buddy/1.14.4/byte-buddy-1.14.4.jar:/Users/leonardosantana/.m2/repository/net/bytebuddy/byte-buddy-agent/1.14.4/byte-buddy-agent-1.14.4.jar:/Users/leonardosantana/.m2/repository/org/objenesis/objenesis/3.3/objenesis-3.3.jar:"/>
    <property name="java.vm.vendor" value="Homebrew"/>
    <property name="sun.arch.data.model" value="64"/>
    <property name="java.vendor.url" value="https://github.com/Homebrew/homebrew-core/issues"/>
    <property name="user.timezone" value="America/Toronto"/>
    <property name="os.name" value="Mac OS X"/>
    <property name="java.vm.specification.version" value="24"/>
    <property name="sun.java.launcher" value="SUN_STANDARD"/>
    <property name="user.country" value="CA"/>
    <property name="sun.boot.library.path" value="/opt/homebrew/Cellar/openjdk/24.0.1/libexec/openjdk.jdk/Contents/Home/lib"/>
    <property name="sun.java.command" value="/Users/Git/Kafka-graphql-connector/target/surefire/surefirebooter-20250719095700903_3.jar /Users/Git/Kafka-graphql-connector/target/surefire 2025-07-19T09-57-00_859-jvmRun1 surefire-20250719095700903_1tmp surefire_0-20250719095700903_2tmp"/>
    <property name="http.nonProxyHosts" value="local|*.local|169.254/16|*.169.254/16"/>
    <property name="jdk.debug" value="release"/>
    <property name="surefire.test.class.path" value="/Users/Git/Kafka-graphql-connector/target/test-classes:/Users/Git/Kafka-graphql-connector/target/classes:/Users/leonardosantana/.m2/repository/org/apache/kafka/connect-api/3.7.0/connect-api-3.7.0.jar:/Users/leonardosantana/.m2/repository/org/apache/kafka/kafka-clients/3.7.0/kafka-clients-3.7.0.jar:/Users/leonardosantana/.m2/repository/com/github/luben/zstd-jni/1.5.5-6/zstd-jni-1.5.5-6.jar:/Users/leonardosantana/.m2/repository/org/lz4/lz4-java/1.8.0/lz4-java-1.8.0.jar:/Users/leonardosantana/.m2/repository/org/xerial/snappy/snappy-java/1.1.10.5/snappy-java-1.1.10.5.jar:/Users/leonardosantana/.m2/repository/javax/ws/rs/javax.ws.rs-api/2.1.1/javax.ws.rs-api-2.1.1.jar:/Users/leonardosantana/.m2/repository/com/squareup/okhttp3/okhttp/4.12.0/okhttp-4.12.0.jar:/Users/leonardosantana/.m2/repository/com/squareup/okio/okio/3.6.0/okio-3.6.0.jar:/Users/leonardosantana/.m2/repository/com/squareup/okio/okio-jvm/3.6.0/okio-jvm-3.6.0.jar:/Users/leonardosantana/.m2/repository/org/jetbrains/kotlin/kotlin-stdlib-common/1.9.10/kotlin-stdlib-common-1.9.10.jar:/Users/leonardosantana/.m2/repository/org/jetbrains/kotlin/kotlin-stdlib-jdk8/1.8.21/kotlin-stdlib-jdk8-1.8.21.jar:/Users/leonardosantana/.m2/repository/org/jetbrains/kotlin/kotlin-stdlib/1.8.21/kotlin-stdlib-1.8.21.jar:/Users/leonardosantana/.m2/repository/org/jetbrains/annotations/13.0/annotations-13.0.jar:/Users/leonardosantana/.m2/repository/org/jetbrains/kotlin/kotlin-stdlib-jdk7/1.8.21/kotlin-stdlib-jdk7-1.8.21.jar:/Users/leonardosantana/.m2/repository/com/fasterxml/jackson/core/jackson-databind/2.17.1/jackson-databind-2.17.1.jar:/Users/leonardosantana/.m2/repository/com/fasterxml/jackson/core/jackson-annotations/2.17.1/jackson-annotations-2.17.1.jar:/Users/leonardosantana/.m2/repository/com/fasterxml/jackson/core/jackson-core/2.17.1/jackson-core-2.17.1.jar:/Users/leonardosantana/.m2/repository/org/slf4j/slf4j-api/2.0.7/slf4j-api-2.0.7.jar:/Users/leonardosantana/.m2/repository/org/slf4j/slf4j-simple/2.0.7/slf4j-simple-2.0.7.jar:/Users/leonardosantana/.m2/repository/junit/junit/4.13.2/junit-4.13.2.jar:/Users/leonardosantana/.m2/repository/org/hamcrest/hamcrest-core/1.3/hamcrest-core-1.3.jar:/Users/leonardosantana/.m2/repository/org/mockito/mockito-core/5.3.1/mockito-core-5.3.1.jar:/Users/leonardosantana/.m2/repository/net/bytebuddy/byte-buddy/1.14.4/byte-buddy-1.14.4.jar:/Users/leonardosantana/.m2/repository/net/bytebuddy/byte-buddy-agent/1.14.4/byte-buddy-agent-1.14.4.jar:/Users/leonardosantana/.m2/repository/org/objenesis/objenesis/3.3/objenesis-3.3.jar:"/>
    <property name="sun.cpu.endian" value="little"/>
    <property name="user.home" value="/Users/leonardosantana"/>
    <property name="user.language" value="en"/>
    <property name="java.specification.vendor" value="Oracle Corporation"/>
    <property name="java.version.date" value="2025-04-15"/>
    <property name="java.home" value="/opt/homebrew/Cellar/openjdk/24.0.1/libexec/openjdk.jdk/Contents/Home"/>
    <property name="file.separator" value="/"/>
    <property name="basedir" value="/Users/Git/Kafka-graphql-connector"/>
    <property name="java.vm.compressedOopsMode" value="Zero based"/>
    <property name="line.separator" value="&#10;"/>
    <property name="java.vm.specification.vendor" value="Oracle Corporation"/>
    <property name="java.specification.name" value="Java Platform API Specification"/>
    <property name="apple.awt.application.name" value="ForkedBooter"/>
    <property name="surefire.real.class.path" value="/Users/Git/Kafka-graphql-connector/target/surefire/surefirebooter-20250719095700903_3.jar"/>
    <property name="sun.management.compiler" value="HotSpot 64-Bit Tiered Compilers"/>
    <property name="ftp.nonProxyHosts" value="local|*.local|169.254/16|*.169.254/16"/>
    <property name="java.runtime.version" value="24.0.1"/>
    <property name="user.name" value="leonardosantana"/>
    <property name="stdout.encoding" value="UTF-8"/>
    <property name="path.separator" value=":"/>
    <property name="os.version" value="15.5"/>
    <property name="java.runtime.name" value="OpenJDK Runtime Environment"/>
    <property name="file.encoding" value="UTF-8"/>
    <property name="java.vm.name" value="OpenJDK 64-Bit Server VM"/>
    <property name="java.vendor.version" value="Homebrew"/>
    <property name="localRepository" value="/Users/leonardosantana/.m2/repository"/>
    <property name="java.vendor.url.bug" value="https://github.com/Homebrew/homebrew-core/issues"/>
    <property name="java.io.tmpdir" value="/var/folders/p0/3cwbfkyn6kx2wr20cb1lkhh00000gn/T/"/>
    <property name="java.version" value="24.0.1"/>
    <property name="user.dir" value="/Users/Git/Kafka-graphql-connector"/>
    <property name="os.arch" value="aarch64"/>
    <property name="java.vm.specification.name" value="Java Virtual Machine Specification"/>
    <property name="native.encoding" value="UTF-8"/>
    <property name="java.library.path" value="/Users/leonardosantana/Library/Java/Extensions:/Library/Java/Extensions:/Network/Library/Java/Extensions:/System/Library/Java/Extensions:/usr/lib/java:."/>
    <property name="java.vm.info" value="mixed mode, sharing"/>
    <property name="stderr.encoding" value="UTF-8"/>
    <property name="java.vendor" value="Homebrew"/>
    <property name="java.vm.version" value="24.0.1"/>
    <property name="sun.io.unicode.encoding" value="UnicodeBig"/>
    <property name="socksNonProxyHosts" value="local|*.local|169.254/16|*.169.254/16"/>
    <property name="java.class.version" value="68.0"/>
  </properties>
  <testcase name="testValidConfiguration" classname="com.example.graphqlconnector.GraphQLSourceConnectorConfigTest" time="0.0">
    <system-err><![CDATA[[main] INFO com.example.graphqlconnector.GraphQLSourceConnectorConfig - GraphQLSourceConnectorConfig values: 
	entity.name = users
	graphql.endpoint.url = https://api.example.com/graphql
	graphql.headers = 
	max.retries = 3
	offset.field = id
	polling.interval.ms = 60000
	query.timeout.ms = 30000
	result.size = 50
	retry.backoff.ms = 1000
	selected.columns = [id, name, email]
	topic.prefix = test_

]]></system-err>
  </testcase>
  <testcase name="testDefaultValues" classname="com.example.graphqlconnector.GraphQLSourceConnectorConfigTest" time="0.001">
    <system-err><![CDATA[[main] INFO com.example.graphqlconnector.GraphQLSourceConnectorConfig - GraphQLSourceConnectorConfig values: 
	entity.name = users
	graphql.endpoint.url = https://api.example.com/graphql
	graphql.headers = 
	max.retries = 3
	offset.field = id
	polling.interval.ms = 30000
	query.timeout.ms = 30000
	result.size = 100
	retry.backoff.ms = 1000
	selected.columns = [id, name]
	topic.prefix = 

]]></system-err>
  </testcase>
  <testcase name="testHeadersParsing" classname="com.example.graphqlconnector.GraphQLSourceConnectorConfigTest" time="0.0">
    <system-err><![CDATA[[main] INFO com.example.graphqlconnector.GraphQLSourceConnectorConfig - GraphQLSourceConnectorConfig values: 
	entity.name = users
	graphql.endpoint.url = https://api.example.com/graphql
	graphql.headers = Authorization:Bearer token123,Content-Type:application/json
	max.retries = 3
	offset.field = id
	polling.interval.ms = 60000
	query.timeout.ms = 30000
	result.size = 50
	retry.backoff.ms = 1000
	selected.columns = [id, name, email]
	topic.prefix = test_

]]></system-err>
  </testcase>
  <testcase name="testEmptyHeaders" classname="com.example.graphqlconnector.GraphQLSourceConnectorConfigTest" time="0.0">
    <system-err><![CDATA[[main] INFO com.example.graphqlconnector.GraphQLSourceConnectorConfig - GraphQLSourceConnectorConfig values: 
	entity.name = users
	graphql.endpoint.url = https://api.example.com/graphql
	graphql.headers = 
	max.retries = 3
	offset.field = id
	polling.interval.ms = 60000
	query.timeout.ms = 30000
	result.size = 50
	retry.backoff.ms = 1000
	selected.columns = [id, name, email]
	topic.prefix = test_

]]></system-err>
  </testcase>
</testsuite>